Using pre-set license
Built from '2020.3/staging' branch; Version is '2020.3.3f1 (76626098c1c4) revision 7758432'; Using compiler version '192528614'; Build Type 'Release'
OS: 'Windows 10 Pro; OS build 19042.1052; Version 2009; 64bit' Language: 'es' Physical Memory: 16343 MB
BatchMode: 1, IsHumanControllingUs: 0, StartBugReporterOnCrash: 0, Is64bit: 1, IsPro: 0

 COMMAND LINE ARGUMENTS:
C:\Program Files\Unity\Hub\Editor\2020.3.3f1\Editor\Unity.exe
-adb2
-batchMode
-noUpm
-name
AssetImportWorker3
-projectPath
D:/Videojuegos/Unidad III/ProyectoFinal
-logFile
Logs/AssetImportWorker3.log
-srvPort
55757
Successfully changed project path to: D:/Videojuegos/Unidad III/ProyectoFinal
D:/Videojuegos/Unidad III/ProyectoFinal
Using Asset Import Pipeline V2.
Refreshing native plugins compatible for Editor in 28.77 ms, found 0 plugins.
Preloading 0 native plugins for Editor in 0.00 ms.
Initialize engine version: 2020.3.3f1 (76626098c1c4)
[Subsystems] Discovering subsystems at path C:/Program Files/Unity/Hub/Editor/2020.3.3f1/Editor/Data/Resources/UnitySubsystems
[Subsystems] Discovering subsystems at path D:/Videojuegos/Unidad III/ProyectoFinal/Assets
GfxDevice: creating device client; threaded=0
Direct3D:
    Version:  Direct3D 11.0 [level 11.1]
    Renderer: NVIDIA GeForce GTX 1060 6GB (ID=0x1c03)
    Vendor:   
    VRAM:     6052 MB
    Driver:   27.21.14.6192
Initialize mono
Mono path[0] = 'C:/Program Files/Unity/Hub/Editor/2020.3.3f1/Editor/Data/Managed'
Mono path[1] = 'C:/Program Files/Unity/Hub/Editor/2020.3.3f1/Editor/Data/MonoBleedingEdge/lib/mono/unityjit'
Mono config path = 'C:/Program Files/Unity/Hub/Editor/2020.3.3f1/Editor/Data/MonoBleedingEdge/etc'
Using monoOptions --debugger-agent=transport=dt_socket,embedding=1,server=y,suspend=n,address=127.0.0.1:56680
Begin MonoManager ReloadAssembly
Registering precompiled unity dll's ...
Register platform support module: C:/Program Files/Unity/Hub/Editor/2020.3.3f1/Editor/Data/PlaybackEngines/WindowsStandaloneSupport/UnityEditor.WindowsStandalone.Extensions.dll
Registered in 0.002394 seconds.
Native extension for WindowsStandalone target not found
Refreshing native plugins compatible for Editor in 34.89 ms, found 0 plugins.
Preloading 0 native plugins for Editor in 0.00 ms.
Invoked RoslynAnalysisRunner static constructor.
RoslynAnalysisRunner will not be running.
RoslynAnalysisRunner has terminated.
Mono: successfully reloaded assembly
- Completed reload, in  2.512 seconds
Platform modules already initialized, skipping
Registering precompiled user dll's ...
Registered in 0.000610 seconds.
Begin MonoManager ReloadAssembly
Native extension for WindowsStandalone target not found
Refreshing native plugins compatible for Editor in 0.27 ms, found 0 plugins.
Preloading 0 native plugins for Editor in 0.00 ms.
Invoked RoslynAnalysisRunner static constructor.
RoslynAnalysisRunner will not be running.
RoslynAnalysisRunner has terminated.
Mono: successfully reloaded assembly
- Completed reload, in  1.156 seconds
Platform modules already initialized, skipping
========================================================================
Worker process is ready to serve import requests
Launched and connected shader compiler UnityShaderCompiler.exe after 0.06 seconds
Refreshing native plugins compatible for Editor in 0.29 ms, found 0 plugins.
Preloading 0 native plugins for Editor in 0.00 ms.
Unloading 1134 Unused Serialized files (Serialized files now loaded: 0)
System memory in use before: 70.1 MB.
System memory in use after: 70.1 MB.

Unloading 10 unused Assets to reduce memory usage. Loaded Objects now: 1593.
Total: 2.235600 ms (FindLiveObjects: 0.622900 ms CreateObjectMapping: 0.043500 ms MarkObjects: 1.471000 ms  DeleteObjects: 0.096600 ms)

========================================================================
Received Import Request.
  path: Assets/Easy Weapons/Demo/New Terrain.asset
  artifactKey: Guid(40d73ad4793af274388707e3481e49e9) Importer(815301076,1909f56bfc062723c751e8b465ee728b)
Start importing Assets/Easy Weapons/Demo/New Terrain.asset using Guid(40d73ad4793af274388707e3481e49e9) Importer(815301076,1909f56bfc062723c751e8b465ee728b) Received signal SIGSEGV
Stack trace:
0x00007ff6041c1d5a (Unity) CreateAssetToGUIDMappingV2
0x00007ff604131290 (Unity) AssetDatabase::CreateAssetToGUIDMapping
0x00007ff602f4bb55 (Unity) SplatDatabase::CreateTerrainLayerAsset
0x00007ff602f4a810 (Unity) SplatDatabase::ConvertSplatsToTerrainLayers
0x00007ff602f477bc (Unity) SplatDatabase::AwakeFromLoad
0x00007ff602f92226 (Unity) TerrainData::AwakeFromLoad
0x00007ff602b04b0f (Unity) AwakeFromLoadQueue::InvokePersistentManagerAwake
0x00007ff602b05462 (Unity) AwakeFromLoadQueue::PersistentManagerAwakeFromLoad
0x00007ff602b055ea (Unity) AwakeFromLoadQueue::PersistentManagerAwakeFromLoad
0x00007ff602a949ae (Unity) PersistentManager::IntegrateAllThreadedObjects
0x00007ff602a953c7 (Unity) PersistentManager::LoadAndIntegrateAllPreallocatedObjects
0x00007ff602a98953 (Unity) PersistentManager::ReadObject
0x00007ff60412a381 (Unity) WritePreviews
0x00007ff60412423e (Unity) PreviewImporter::GenerateAssetData
0x00007ff6042380a9 (Unity) ImportToObjects
0x00007ff604236f18 (Unity) AssetImportWorker::Import
0x00007ff60419651f (Unity) <lambda_77c748ffdfab40a7d87ea62709a69e39>::operator()
0x00007ff604261a32 (Unity) asio::detail::completion_handler<core::mutable_function<void __cdecl(void)> >::do_complete
0x00007ff604263b90 (Unity) asio::detail::win_iocp_io_service::do_one
0x00007ff60426731e (Unity) asio::io_service::run
0x00007ff6041dd3a0 (Unity) RunAssetImportWorkerClientV2
0x00007ff6041dd3f0 (Unity) RunAssetImporterV2
0x00007ff6036e9d06 (Unity) Application::InitializeProject
0x00007ff604069ba2 (Unity) WinMain
0x00007ff605ee1d46 (Unity) __scrt_common_main_seh
0x00007fff42197034 (KERNEL32) BaseThreadInitThunk
0x00007fff42702651 (ntdll) RtlUserThreadStart

